# vsim tb -l top.log -c -do "run -all; exit;" 
# Start time: 22:25:18 on Oct 26,2022
# ** Note: (vsim-3812) Design is being optimized...
# //  Questa Sim
# //  Version 10.6c linux Jul 25 2017
# //
# //  Copyright 1991-2017 Mentor Graphics Corporation
# //  All Rights Reserved.
# //
# //  QuestaSim and its associated documentation contain trade
# //  secrets and commercial or financial information that are the property of
# //  Mentor Graphics Corporation and are privileged, confidential,
# //  and exempt from disclosure under the Freedom of Information Act,
# //  5 U.S.C. Section 552. Furthermore, this information
# //  is prohibited from disclosure under the Trade Secrets Act,
# //  18 U.S.C. Section 1905.
# //
# Loading sv_std.std
# Loading mtiUvm.uvm_pkg
# Loading work.Example_sv_unit(fast)
# Loading work.tb(fast)
# Loading mtiUvm.questa_uvm_pkg(fast)
# Loading /tools/mentor/questasim_10.6c/questasim/uvm-1.1d/linux/uvm_dpi.so
# run -all
# ----------------------------------------------------------------
# UVM-1.1d
# (C) 2007-2013 Mentor Graphics Corporation
# (C) 2007-2013 Cadence Design Systems, Inc.
# (C) 2006-2013 Synopsys, Inc.
# (C) 2011-2013 Cypress Semiconductor Corp.
# ----------------------------------------------------------------
# 
#   ***********       IMPORTANT RELEASE NOTES         ************
# 
#   You are using a version of the UVM library that has been compiled
#   with `UVM_NO_DEPRECATED undefined.
#   See http://www.eda.org/svdb/view.php?id=3313 for more details.
# 
#   You are using a version of the UVM library that has been compiled
#   with `UVM_OBJECT_MUST_HAVE_CONSTRUCTOR undefined.
#   See http://www.eda.org/svdb/view.php?id=3770 for more details.
# 
#       (Specify +UVM_NO_RELNOTES to turn off this notice)
# 
# UVM_INFO verilog_src/questa_uvm_pkg-1.2/src/questa_uvm_pkg.sv(215) @ 0: reporter [Questa UVM] QUESTA_UVM-1.2.3
# UVM_INFO verilog_src/questa_uvm_pkg-1.2/src/questa_uvm_pkg.sv(217) @ 0: reporter [Questa UVM]  questa_uvm::init(+struct)
# 
# UVM_INFO Example.sv(24) @ 1: dk [DILIP] [UVM_NONE]value of d is 12
# 
# UVM_INFO Example.sv(28) @ 3: dk [DILIP] [UVM_LOW]value of d is 12
# 
# UVM_INFO Example.sv(33) @ 6: dk [DILIP] [UVM_MEDIUM]value of d is 12
# 
# UVM_INFO Example.sv(37) @ 10: dk [DILIP] [UVM_HIGH]value of d is 12
# 
# UVM_INFO Example.sv(41) @ 15: dk [DILIP] [UVM_FULL]value of d is 12
# 
# UVM_INFO Example.sv(45) @ 21: dk [DILIP] [UVM_DEBUG]value of d is 12
# 
#  exit
# End time: 22:25:23 on Oct 26,2022, Elapsed time: 0:00:05
# Errors: 0, Warnings: 0
