# vsim top -l res_op.log -c -do "run -all;quit;" "+UVM_RESOURCE_DB_TRACE" 
# Start time: 02:12:03 on Nov 08,2022
# ** Note: (vsim-3812) Design is being optimized...
# //  Questa Sim
# //  Version 10.6c linux Jul 25 2017
# //
# //  Copyright 1991-2017 Mentor Graphics Corporation
# //  All Rights Reserved.
# //
# //  QuestaSim and its associated documentation contain trade
# //  secrets and commercial or financial information that are the property of
# //  Mentor Graphics Corporation and are privileged, confidential,
# //  and exempt from disclosure under the Freedom of Information Act,
# //  5 U.S.C. Section 552. Furthermore, this information
# //  is prohibited from disclosure under the Trade Secrets Act,
# //  18 U.S.C. Section 1905.
# //
# Loading sv_std.std
# Loading mtiUvm.uvm_pkg
# Loading work.res_sv_unit(fast)
# Loading work.top(fast)
# Loading mtiUvm.questa_uvm_pkg(fast)
# ** Warning: (vsim-3764) res.sv(23): Stand-alone call to function 'read_by_name' treated as implicit void cast.
#    Time: 0 ns  Iteration: 0  Region: /res_sv_unit File: res.sv
# ** Warning: (vsim-3764) res.sv(24): Stand-alone call to function 'get_by_name' treated as implicit void cast.
#    Time: 0 ns  Iteration: 0  Region: /res_sv_unit File: res.sv
# ** Warning: (vsim-3764) res.sv(57): Stand-alone call to function 'set_default' treated as implicit void cast.
#    Time: 0 ns  Iteration: 0  Region: /res_sv_unit File: res.sv
# ** Warning: (vsim-3764) res.sv(58): Stand-alone call to function 'set_default' treated as implicit void cast.
#    Time: 0 ns  Iteration: 0  Region: /res_sv_unit File: res.sv
# ** Warning: (vsim-3764) res.sv(61): Stand-alone call to function 'write_by_name' treated as implicit void cast.
#    Time: 0 ns  Iteration: 0  Region: /res_sv_unit File: res.sv
# ** Warning: (vsim-3764) res.sv(63): Stand-alone call to function 'write_by_name' treated as implicit void cast.
#    Time: 0 ns  Iteration: 0  Region: /res_sv_unit File: res.sv
# ** Warning: (vsim-3764) res.sv(64): Stand-alone call to function 'write_by_name' treated as implicit void cast.
#    Time: 0 ns  Iteration: 0  Region: /res_sv_unit File: res.sv
# ** Warning: (vsim-3764) res.sv(65): Stand-alone call to function 'write_by_type' treated as implicit void cast.
#    Time: 0 ns  Iteration: 0  Region: /res_sv_unit File: res.sv
# Loading /tools/mentor/questasim_10.6c/questasim/uvm-1.1d/linux/uvm_dpi.so
# run -all
# ----------------------------------------------------------------
# UVM-1.1d
# (C) 2007-2013 Mentor Graphics Corporation
# (C) 2007-2013 Cadence Design Systems, Inc.
# (C) 2006-2013 Synopsys, Inc.
# (C) 2011-2013 Cypress Semiconductor Corp.
# ----------------------------------------------------------------
# 
#   ***********       IMPORTANT RELEASE NOTES         ************
# 
#   You are using a version of the UVM library that has been compiled
#   with `UVM_NO_DEPRECATED undefined.
#   See http://www.eda.org/svdb/view.php?id=3313 for more details.
# 
#   You are using a version of the UVM library that has been compiled
#   with `UVM_OBJECT_MUST_HAVE_CONSTRUCTOR undefined.
#   See http://www.eda.org/svdb/view.php?id=3770 for more details.
# 
#       (Specify +UVM_NO_RELNOTES to turn off this notice)
# 
# UVM_INFO verilog_src/questa_uvm_pkg-1.2/src/questa_uvm_pkg.sv(215) @ 0: reporter [Questa UVM] QUESTA_UVM-1.2.3
# UVM_INFO verilog_src/questa_uvm_pkg-1.2/src/questa_uvm_pkg.sv(217) @ 0: reporter [Questa UVM]  questa_uvm::init(+struct)
# UVM_INFO @ 0: reporter [RNTST] Running test test...
# UVM_INFO verilog_src/uvm-1.1d/src/base/uvm_resource_db.svh(121) @ 0: reporter [RSRCDB/SET] Resource 'top.env.num1' (type int) set by <unknown> = (int) 999
# UVM_INFO verilog_src/uvm-1.1d/src/base/uvm_resource_db.svh(121) @ 0: reporter [RSRCDB/SETANON] Resource 'top.env' (type int) set by <unknown> = (int) 5
# UVM_INFO verilog_src/uvm-1.1d/src/base/uvm_resource_db.svh(121) @ 0: reporter [RSRCDB/WR] Resource 'top.env.num1' (type int) written by <unknown> = (int) 999
# UVM_INFO verilog_src/uvm-1.1d/src/base/uvm_resource_db.svh(121) @ 0: reporter [RSRCDB/WR] Resource 'top.env.num2' (type int) written by <unknown> = (int) 0
# UVM_INFO verilog_src/uvm-1.1d/src/base/uvm_resource_db.svh(121) @ 0: reporter [RSRCDB/WR] Resource 'top.env.num3' (type int) written by <unknown> = (int) 0
# UVM_INFO verilog_src/uvm-1.1d/src/base/uvm_resource_db.svh(121) @ 0: reporter [RSRCDB/WRTYP] Resource 'top.env' (type int) written by <unknown> = (int) 0
# 
# === resource pool ===
# num1 [/^top\.env$/] : (int) 143
# -  
# num2 [/^top\.env$/] : (int) 140
# -  
# num3 [/^top\.env$/] : (int) 100
# -  
# recording_detail [] : (reg signed[4095:0]) 0
# -  
# recording_detail [] : (int) 146
# -  
# === end of resource pool ===
# this is get by type method value of top.env '{m_leaf_name:"recording_detail", m_inst_id:448, use_uvm_seeding:1, m_inst_count:492, __m_uvm_status_container:@uvm_status_container@1, scope:"", modified:1, read_only:0, m_is_regex_name:0, access:'{ }, precedence:1000, default_precedence:1000, val:146, my_type:@uvm_resource__10@1}
# this is get by name method value of top.env '{m_leaf_name:"num1", m_inst_id:480, use_uvm_seeding:1, m_inst_count:493, __m_uvm_status_container:@uvm_status_container@1, scope:"/^top\.env$/", modified:1, read_only:0, m_is_regex_name:0, access:'{ }, precedence:1000, default_precedence:1000, val:143, my_type:@uvm_resource__10@1}
# this is get by name method value of top.env '{m_leaf_name:"num2", m_inst_id:482, use_uvm_seeding:1, m_inst_count:494, __m_uvm_status_container:@uvm_status_container@1, scope:"/^top\.env$/", modified:1, read_only:0, m_is_regex_name:0, access:'{ }, precedence:1000, default_precedence:1000, val:140, my_type:@uvm_resource__10@1}
# this is get by name method value of top.env '{m_leaf_name:"num3", m_inst_id:484, use_uvm_seeding:1, m_inst_count:495, __m_uvm_status_container:@uvm_status_container@1, scope:"/^top\.env$/", modified:1, read_only:0, m_is_regex_name:0, access:'{ }, precedence:1000, default_precedence:1000, val:100, my_type:@uvm_resource__10@1}
# UVM_INFO verilog_src/uvm-1.1d/src/base/uvm_resource_db.svh(121) @ 0: reporter [RSRCDB/RDBYNAM] Resource 'top.env.num1' (type int) read by <unknown> = (int) 143
# ............................................
# UVM_INFO verilog_src/uvm-1.1d/src/base/uvm_resource_db.svh(121) @ 0: reporter [RSRCDB/RDBYNAM] Resource 'top.env.num2' (type int) read by <unknown> = (int) 140
# 1
# UVM_INFO verilog_src/uvm-1.1d/src/base/uvm_resource_db.svh(121) @ 0: reporter [RSRCDB/RDBYNAM] Resource 'top.env.num3' (type int) read by <unknown> = (int) 100
# 1
# UVM_INFO verilog_src/uvm-1.1d/src/base/uvm_resource_db.svh(121) @ 0: reporter [RSRCDB/RDBYTYP] Resource 'top.env' (type int) read by <unknown> = (int) 146
# 1
#  the overrided value of 'a'(num1) retrieved from read_by_name: 143
#  the value of 'b'(num2) retrieved is 140
#  the value of 'c' retrieved from read_by_type: 146
#  the value of 'b1'(num3) retrieved from read_by_name and set  using write_by_name and set_default: 100
# 
# --- UVM Report Summary ---
# 
# ** Report counts by severity
# UVM_INFO :   13
# UVM_WARNING :    0
# UVM_ERROR :    0
# UVM_FATAL :    0
# ** Report counts by id
# [Questa UVM]     2
# [RNTST]     1
# [RSRCDB/RDBYNAM]     3
# [RSRCDB/RDBYTYP]     1
# [RSRCDB/SET]     1
# [RSRCDB/SETANON]     1
# [RSRCDB/WR]     3
# [RSRCDB/WRTYP]     1
# ** Note: $finish    : /tools/mentor/questasim_10.6c/questasim/linux/../verilog_src/uvm-1.1d/src/base/uvm_root.svh(430)
#    Time: 0 ns  Iteration: 215  Instance: /top
# End time: 02:12:07 on Nov 08,2022, Elapsed time: 0:00:04
# Errors: 0, Warnings: 8
