# vsim tb -l seq_arb_random.log -c -do "run -all;exit;" 
# Start time: 22:33:02 on Oct 27,2022
# ** Note: (vsim-3812) Design is being optimized...
# //  Questa Sim
# //  Version 10.6c linux Jul 25 2017
# //
# //  Copyright 1991-2017 Mentor Graphics Corporation
# //  All Rights Reserved.
# //
# //  QuestaSim and its associated documentation contain trade
# //  secrets and commercial or financial information that are the property of
# //  Mentor Graphics Corporation and are privileged, confidential,
# //  and exempt from disclosure under the Freedom of Information Act,
# //  5 U.S.C. Section 552. Furthermore, this information
# //  is prohibited from disclosure under the Trade Secrets Act,
# //  18 U.S.C. Section 1905.
# //
# Loading sv_std.std
# Loading mtiUvm.uvm_pkg
# Loading work.testbench_sv_unit(fast)
# Loading work.tb(fast)
# Loading mtiUvm.questa_uvm_pkg(fast)
# Loading /tools/mentor/questasim_10.6c/questasim/uvm-1.1d/linux/uvm_dpi.so
# run -all
# ----------------------------------------------------------------
# UVM-1.1d
# (C) 2007-2013 Mentor Graphics Corporation
# (C) 2007-2013 Cadence Design Systems, Inc.
# (C) 2006-2013 Synopsys, Inc.
# (C) 2011-2013 Cypress Semiconductor Corp.
# ----------------------------------------------------------------
# 
#   ***********       IMPORTANT RELEASE NOTES         ************
# 
#   You are using a version of the UVM library that has been compiled
#   with `UVM_NO_DEPRECATED undefined.
#   See http://www.eda.org/svdb/view.php?id=3313 for more details.
# 
#   You are using a version of the UVM library that has been compiled
#   with `UVM_OBJECT_MUST_HAVE_CONSTRUCTOR undefined.
#   See http://www.eda.org/svdb/view.php?id=3770 for more details.
# 
#       (Specify +UVM_NO_RELNOTES to turn off this notice)
# 
# UVM_INFO verilog_src/questa_uvm_pkg-1.2/src/questa_uvm_pkg.sv(215) @ 0: reporter [Questa UVM] QUESTA_UVM-1.2.3
# UVM_INFO verilog_src/questa_uvm_pkg-1.2/src/questa_uvm_pkg.sv(217) @ 0: reporter [Questa UVM]  questa_uvm::init(+struct)
# UVM_INFO @ 0: reporter [RNTST] Running test test...
# UVM_INFO sequence.sv(13) @ 0: uvm_test_top.ENV.AGENT.seq@@s[0] [s[0]] SEQUENCE Started
# UVM_INFO sequence.sv(13) @ 0: uvm_test_top.ENV.AGENT.seq@@s[1] [s[1]] SEQUENCE Started
# UVM_INFO sequence.sv(13) @ 0: uvm_test_top.ENV.AGENT.seq@@s[2] [s[2]] SEQUENCE Started
# UVM_INFO sequence.sv(13) @ 0: uvm_test_top.ENV.AGENT.seq@@s[3] [s[3]] SEQUENCE Started
# UVM_INFO driver.sv(19) @ 0: uvm_test_top.ENV.AGENT.DRV [DRV] a = 12, b = 4
# UVM_INFO sequence.sv(17) @ 0: uvm_test_top.ENV.AGENT.seq@@s[3] [s[3]] SEQUENCE Ended
# UVM_INFO driver.sv(19) @ 0: uvm_test_top.ENV.AGENT.DRV [DRV] a = 10, b = 12
# UVM_INFO sequence.sv(17) @ 0: uvm_test_top.ENV.AGENT.seq@@s[2] [s[2]] SEQUENCE Ended
# UVM_INFO driver.sv(19) @ 0: uvm_test_top.ENV.AGENT.DRV [DRV] a = 2, b = 13
# UVM_INFO sequence.sv(17) @ 0: uvm_test_top.ENV.AGENT.seq@@s[1] [s[1]] SEQUENCE Ended
# UVM_INFO driver.sv(19) @ 0: uvm_test_top.ENV.AGENT.DRV [DRV] a = 10, b = 5
# UVM_INFO sequence.sv(17) @ 0: uvm_test_top.ENV.AGENT.seq@@s[0] [s[0]] SEQUENCE Ended
# UVM_INFO verilog_src/uvm-1.1d/src/base/uvm_objection.svh(1268) @ 0: reporter [TEST_DONE] 'run' phase is ready to proceed to the 'extract' phase
# 
# --- UVM Report Summary ---
# 
# ** Report counts by severity
# UVM_INFO :   16
# UVM_WARNING :    0
# UVM_ERROR :    0
# UVM_FATAL :    0
# ** Report counts by id
# [DRV]     4
# [Questa UVM]     2
# [RNTST]     1
# [TEST_DONE]     1
# [s[0]]     2
# [s[1]]     2
# [s[2]]     2
# [s[3]]     2
# ** Note: $finish    : /tools/mentor/questasim_10.6c/questasim/linux/../verilog_src/uvm-1.1d/src/base/uvm_root.svh(430)
#    Time: 0 ns  Iteration: 245  Instance: /tb
# End time: 22:33:05 on Oct 27,2022, Elapsed time: 0:00:03
# Errors: 0, Warnings: 0
