# vsim top -l top_op.log -c -do "run -all;quit;" 
# Start time: 23:39:20 on Nov 02,2022
# ** Note: (vsim-3812) Design is being optimized...
# //  Questa Sim
# //  Version 10.6c linux Jul 25 2017
# //
# //  Copyright 1991-2017 Mentor Graphics Corporation
# //  All Rights Reserved.
# //
# //  QuestaSim and its associated documentation contain trade
# //  secrets and commercial or financial information that are the property of
# //  Mentor Graphics Corporation and are privileged, confidential,
# //  and exempt from disclosure under the Freedom of Information Act,
# //  5 U.S.C. Section 552. Furthermore, this information
# //  is prohibited from disclosure under the Trade Secrets Act,
# //  18 U.S.C. Section 1905.
# //
# Loading sv_std.std
# Loading mtiUvm.uvm_pkg
# Loading work.top_sv_unit(fast)
# Loading work.top(fast)
# Loading mtiUvm.questa_uvm_pkg(fast)
# Loading /tools/mentor/questasim_10.6c/questasim/uvm-1.1d/linux/uvm_dpi.so
# run -all
# ----------------------------------------------------------------
# UVM-1.1d
# (C) 2007-2013 Mentor Graphics Corporation
# (C) 2007-2013 Cadence Design Systems, Inc.
# (C) 2006-2013 Synopsys, Inc.
# (C) 2011-2013 Cypress Semiconductor Corp.
# ----------------------------------------------------------------
# 
#   ***********       IMPORTANT RELEASE NOTES         ************
# 
#   You are using a version of the UVM library that has been compiled
#   with `UVM_NO_DEPRECATED undefined.
#   See http://www.eda.org/svdb/view.php?id=3313 for more details.
# 
#   You are using a version of the UVM library that has been compiled
#   with `UVM_OBJECT_MUST_HAVE_CONSTRUCTOR undefined.
#   See http://www.eda.org/svdb/view.php?id=3770 for more details.
# 
#       (Specify +UVM_NO_RELNOTES to turn off this notice)
# 
# UVM_INFO verilog_src/questa_uvm_pkg-1.2/src/questa_uvm_pkg.sv(215) @ 0: reporter [Questa UVM] QUESTA_UVM-1.2.3
# UVM_INFO verilog_src/questa_uvm_pkg-1.2/src/questa_uvm_pkg.sv(217) @ 0: reporter [Questa UVM]  questa_uvm::init(+struct)
# UVM_INFO @ 0: reporter [RNTST] Running test test...
# UVM_INFO seq.sv(15) @ 0: uvm_test_top.agent.sequencer@@seq [seq] Randomizing the values
# UVM_INFO driver.sv(34) @ 0: uvm_test_top.agent.driver [driver]  value of a:7 , b:0
# UVM_INFO driver.sv(38) @ 0: uvm_test_top.agent.driver [driver]  value of y:7
# UVM_INFO driver.sv(34) @ 0: uvm_test_top.agent.driver [driver]  value of a:1 , b:1
# UVM_INFO driver.sv(38) @ 0: uvm_test_top.agent.driver [driver]  value of y:2
# UVM_INFO driver.sv(34) @ 0: uvm_test_top.agent.driver [driver]  value of a:3 , b:0
# UVM_INFO driver.sv(38) @ 0: uvm_test_top.agent.driver [driver]  value of y:3
# UVM_INFO driver.sv(34) @ 0: uvm_test_top.agent.driver [driver]  value of a:3 , b:6
# UVM_INFO driver.sv(38) @ 0: uvm_test_top.agent.driver [driver]  value of y:9
# UVM_INFO driver.sv(34) @ 0: uvm_test_top.agent.driver [driver]  value of a:2 , b:1
# UVM_INFO driver.sv(38) @ 0: uvm_test_top.agent.driver [driver]  value of y:3
# UVM_INFO seq.sv(24) @ 0: uvm_test_top.agent.sequencer@@seq [seq] Randomization done
# UVM_INFO verilog_src/uvm-1.1d/src/base/uvm_objection.svh(1268) @ 0: reporter [TEST_DONE] 'run' phase is ready to proceed to the 'extract' phase
# UVM_INFO driver.sv(49) @ 0: uvm_test_top.agent.driver [extract] All values of y in queue q are 7 2 3 9 3
# UVM_INFO driver.sv(59) @ 0: uvm_test_top.agent.driver [check] All randomized values recieved
# UVM_INFO driver.sv(84) @ 0: uvm_test_top.agent.driver [final] final phase is working
# 
# --- UVM Report Summary ---
# 
# ** Report counts by severity
# UVM_INFO :   19
# UVM_WARNING :    0
# UVM_ERROR :    0
# UVM_FATAL :    0
# ** Report counts by id
# [Questa UVM]     2
# [RNTST]     1
# [TEST_DONE]     1
# [check]     1
# [driver]    10
# [extract]     1
# [final]     1
# [seq]     2
# ** Note: $finish    : /tools/mentor/questasim_10.6c/questasim/linux/../verilog_src/uvm-1.1d/src/base/uvm_root.svh(430)
#    Time: 0 ns  Iteration: 237  Instance: /top
# End time: 23:39:25 on Nov 02,2022, Elapsed time: 0:00:05
# Errors: 0, Warnings: 0
