# vsim top -l get_next_log.log -c -do "run -all;exit;" 
# Start time: 09:53:56 on Oct 31,2022
# ** Note: (vsim-3813) Design is being optimized due to module recompilation...
# //  Questa Sim
# //  Version 10.6c linux Jul 25 2017
# //
# //  Copyright 1991-2017 Mentor Graphics Corporation
# //  All Rights Reserved.
# //
# //  QuestaSim and its associated documentation contain trade
# //  secrets and commercial or financial information that are the property of
# //  Mentor Graphics Corporation and are privileged, confidential,
# //  and exempt from disclosure under the Freedom of Information Act,
# //  5 U.S.C. Section 552. Furthermore, this information
# //  is prohibited from disclosure under the Trade Secrets Act,
# //  18 U.S.C. Section 1905.
# //
# Loading sv_std.std
# Loading mtiUvm.uvm_pkg
# Loading work.top_sv_unit(fast)
# Loading work.top(fast)
# Loading mtiUvm.questa_uvm_pkg(fast)
# Loading /tools/mentor/questasim_10.6c/questasim/uvm-1.1d/linux/uvm_dpi.so
# run -all
# ----------------------------------------------------------------
# UVM-1.1d
# (C) 2007-2013 Mentor Graphics Corporation
# (C) 2007-2013 Cadence Design Systems, Inc.
# (C) 2006-2013 Synopsys, Inc.
# (C) 2011-2013 Cypress Semiconductor Corp.
# ----------------------------------------------------------------
# 
#   ***********       IMPORTANT RELEASE NOTES         ************
# 
#   You are using a version of the UVM library that has been compiled
#   with `UVM_NO_DEPRECATED undefined.
#   See http://www.eda.org/svdb/view.php?id=3313 for more details.
# 
#   You are using a version of the UVM library that has been compiled
#   with `UVM_OBJECT_MUST_HAVE_CONSTRUCTOR undefined.
#   See http://www.eda.org/svdb/view.php?id=3770 for more details.
# 
#       (Specify +UVM_NO_RELNOTES to turn off this notice)
# 
# UVM_INFO verilog_src/questa_uvm_pkg-1.2/src/questa_uvm_pkg.sv(215) @ 0: reporter [Questa UVM] QUESTA_UVM-1.2.3
# UVM_INFO verilog_src/questa_uvm_pkg-1.2/src/questa_uvm_pkg.sv(217) @ 0: reporter [Questa UVM]  questa_uvm::init(+struct)
# UVM_INFO @ 0: reporter [RNTST] Running test test...
# UVM_INFO driver.sv(18) @ 0: uvm_test_top.e.a.DRV [Driver] Waiting for data from sequencer
# UVM_INFO sequence.sv(20) @ 0: uvm_test_top.e.a.seqr@@s1 [Sequence] Sequence item is created
# UVM_INFO sequence.sv(23) @ 0: uvm_test_top.e.a.seqr@@s1 [Sequence] Grant received now randomizing the data
# UVM_INFO sequence.sv(25) @ 0: uvm_test_top.e.a.seqr@@s1 [Sequence] randomised value, a:6 , b:15
# UVM_INFO sequence.sv(26) @ 0: uvm_test_top.e.a.seqr@@s1 [Sequence] Randmization done and now sent request to driver
# UVM_INFO sequence.sv(28) @ 0: uvm_test_top.e.a.seqr@@s1 [Sequence] Waiting for item done response from driver
# UVM_INFO driver.sv(23) @ 0: uvm_test_top.e.a.DRV [Driver] Start driving data, a : 6 b:15
# UVM_INFO driver.sv(28) @ 0: uvm_test_top.e.a.DRV [Driver] Finish driving data, a : 6 b:15
# UVM_INFO driver.sv(18) @ 0: uvm_test_top.e.a.DRV [Driver] Waiting for data from sequencer
# UVM_INFO sequence.sv(30) @ 0: uvm_test_top.e.a.seqr@@s1 [Sequence] Ack.recieved from driver,Sequence ended
# UVM_INFO verilog_src/uvm-1.1d/src/base/uvm_objection.svh(1268) @ 0: reporter [TEST_DONE] 'run' phase is ready to proceed to the 'extract' phase
# 
# --- UVM Report Summary ---
# 
# ** Report counts by severity
# UVM_INFO :   14
# UVM_WARNING :    0
# UVM_ERROR :    0
# UVM_FATAL :    0
# ** Report counts by id
# [Driver]     4
# [Questa UVM]     2
# [RNTST]     1
# [Sequence]     6
# [TEST_DONE]     1
# ** Note: $finish    : /tools/mentor/questasim_10.6c/questasim/linux/../verilog_src/uvm-1.1d/src/base/uvm_root.svh(430)
#    Time: 0 ns  Iteration: 227  Instance: /top
# End time: 09:53:59 on Oct 31,2022, Elapsed time: 0:00:03
# Errors: 0, Warnings: 0
