# vsim tb -l tlm_fifo_log.log -c -do "run -all;exit;" 
# Start time: 02:23:21 on Nov 07,2022
# ** Note: (vsim-3812) Design is being optimized...
# //  Questa Sim
# //  Version 10.6c linux Jul 25 2017
# //
# //  Copyright 1991-2017 Mentor Graphics Corporation
# //  All Rights Reserved.
# //
# //  QuestaSim and its associated documentation contain trade
# //  secrets and commercial or financial information that are the property of
# //  Mentor Graphics Corporation and are privileged, confidential,
# //  and exempt from disclosure under the Freedom of Information Act,
# //  5 U.S.C. Section 552. Furthermore, this information
# //  is prohibited from disclosure under the Trade Secrets Act,
# //  18 U.S.C. Section 1905.
# //
# Loading sv_std.std
# Loading mtiUvm.uvm_pkg
# Loading work.tlm_fifo_sv_unit(fast)
# Loading work.tb(fast)
# Loading mtiUvm.questa_uvm_pkg(fast)
# Loading /tools/mentor/questasim_10.6c/questasim/uvm-1.1d/linux/uvm_dpi.so
# run -all
# ----------------------------------------------------------------
# UVM-1.1d
# (C) 2007-2013 Mentor Graphics Corporation
# (C) 2007-2013 Cadence Design Systems, Inc.
# (C) 2006-2013 Synopsys, Inc.
# (C) 2011-2013 Cypress Semiconductor Corp.
# ----------------------------------------------------------------
# 
#   ***********       IMPORTANT RELEASE NOTES         ************
# 
#   You are using a version of the UVM library that has been compiled
#   with `UVM_NO_DEPRECATED undefined.
#   See http://www.eda.org/svdb/view.php?id=3313 for more details.
# 
#   You are using a version of the UVM library that has been compiled
#   with `UVM_OBJECT_MUST_HAVE_CONSTRUCTOR undefined.
#   See http://www.eda.org/svdb/view.php?id=3770 for more details.
# 
#       (Specify +UVM_NO_RELNOTES to turn off this notice)
# 
# UVM_INFO verilog_src/questa_uvm_pkg-1.2/src/questa_uvm_pkg.sv(215) @ 0: reporter [Questa UVM] QUESTA_UVM-1.2.3
# UVM_INFO verilog_src/questa_uvm_pkg-1.2/src/questa_uvm_pkg.sv(217) @ 0: reporter [Questa UVM]  questa_uvm::init(+struct)
# UVM_INFO @ 0: reporter [RNTST] Running test my_test...
# UVM_INFO tlm_fifo.sv(114) @ 1: uvm_test_top [tlm_fifo] fifo is empty
# ---------------------------
# Name  Type      Size  Value
# ---------------------------
# p     packet    -     @542 
#   a   integral  3     'h7  
#   b   integral  4     'hb  
# ---------------------------
# UVM_INFO tlm_fifo.sv(43) @ 1: uvm_test_top.compA [componentA] packet sent to componentB
# UVM_INFO tlm_fifo.sv(114) @ 2: uvm_test_top [tlm_fifo] fifo is empty
# ---------------------------
# Name  Type      Size  Value
# ---------------------------
# p     packet    -     @546 
#   a   integral  3     'h2  
#   b   integral  4     'h9  
# ---------------------------
# UVM_INFO tlm_fifo.sv(43) @ 2: uvm_test_top.compA [componentA] packet sent to componentB
# UVM_INFO tlm_fifo.sv(114) @ 3: uvm_test_top [tlm_fifo] fifo is empty
# ---------------------------
# Name  Type      Size  Value
# ---------------------------
# p     packet    -     @542 
#   a   integral  3     'h7  
#   b   integral  4     'hb  
# ---------------------------
# UVM_INFO tlm_fifo.sv(73) @ 4: uvm_test_top.compB [componentB] received packet from componentA
# UVM_INFO tlm_fifo.sv(110) @ 4: uvm_test_top [tlm_fifo] fifo is full
# UVM_INFO tlm_fifo.sv(114) @ 5: uvm_test_top [tlm_fifo] fifo is empty
# UVM_INFO tlm_fifo.sv(114) @ 6: uvm_test_top [tlm_fifo] fifo is empty
# UVM_INFO tlm_fifo.sv(114) @ 7: uvm_test_top [tlm_fifo] fifo is empty
# ---------------------------
# Name  Type      Size  Value
# ---------------------------
# p     packet    -     @546 
#   a   integral  3     'h2  
#   b   integral  4     'h9  
# ---------------------------
# UVM_INFO tlm_fifo.sv(73) @ 8: uvm_test_top.compB [componentB] received packet from componentA
# UVM_INFO tlm_fifo.sv(114) @ 8: uvm_test_top [tlm_fifo] fifo is empty
# UVM_INFO verilog_src/uvm-1.1d/src/base/uvm_objection.svh(1268) @ 8: reporter [TEST_DONE] 'run' phase is ready to proceed to the 'extract' phase
# 
# --- UVM Report Summary ---
# 
# ** Report counts by severity
# UVM_INFO :   16
# UVM_WARNING :    0
# UVM_ERROR :    0
# UVM_FATAL :    0
# ** Report counts by id
# [Questa UVM]     2
# [RNTST]     1
# [TEST_DONE]     1
# [componentA]     2
# [componentB]     2
# [tlm_fifo]     8
# ** Note: $finish    : /tools/mentor/questasim_10.6c/questasim/linux/../verilog_src/uvm-1.1d/src/base/uvm_root.svh(430)
#    Time: 8 ns  Iteration: 55  Instance: /tb
# End time: 02:23:25 on Nov 07,2022, Elapsed time: 0:00:04
# Errors: 0, Warnings: 0
