# vsim top -l severity.log -c -do "run -all; exit;" 
# Start time: 22:15:36 on Oct 26,2022
# ** Note: (vsim-3812) Design is being optimized...
# //  Questa Sim
# //  Version 10.6c linux Jul 25 2017
# //
# //  Copyright 1991-2017 Mentor Graphics Corporation
# //  All Rights Reserved.
# //
# //  QuestaSim and its associated documentation contain trade
# //  secrets and commercial or financial information that are the property of
# //  Mentor Graphics Corporation and are privileged, confidential,
# //  and exempt from disclosure under the Freedom of Information Act,
# //  5 U.S.C. Section 552. Furthermore, this information
# //  is prohibited from disclosure under the Trade Secrets Act,
# //  18 U.S.C. Section 1905.
# //
# Loading sv_std.std
# Loading mtiUvm.uvm_pkg
# Loading work.severity_sv_unit(fast)
# Loading work.top(fast)
# Loading mtiUvm.questa_uvm_pkg(fast)
# Loading /tools/mentor/questasim_10.6c/questasim/uvm-1.1d/linux/uvm_dpi.so
# run -all
# ----------------------------------------------------------------
# UVM-1.1d
# (C) 2007-2013 Mentor Graphics Corporation
# (C) 2007-2013 Cadence Design Systems, Inc.
# (C) 2006-2013 Synopsys, Inc.
# (C) 2011-2013 Cypress Semiconductor Corp.
# ----------------------------------------------------------------
# 
#   ***********       IMPORTANT RELEASE NOTES         ************
# 
#   You are using a version of the UVM library that has been compiled
#   with `UVM_NO_DEPRECATED undefined.
#   See http://www.eda.org/svdb/view.php?id=3313 for more details.
# 
#   You are using a version of the UVM library that has been compiled
#   with `UVM_OBJECT_MUST_HAVE_CONSTRUCTOR undefined.
#   See http://www.eda.org/svdb/view.php?id=3770 for more details.
# 
#       (Specify +UVM_NO_RELNOTES to turn off this notice)
# 
# UVM_INFO verilog_src/questa_uvm_pkg-1.2/src/questa_uvm_pkg.sv(215) @ 0: reporter [Questa UVM] QUESTA_UVM-1.2.3
# UVM_INFO verilog_src/questa_uvm_pkg-1.2/src/questa_uvm_pkg.sv(217) @ 0: reporter [Questa UVM]  questa_uvm::init(+struct)
# UVM_WARNING severity.sv(28) @ 0: uvm_test_top [TEST] Warning occured
# UVM_INFO severity.sv(29) @ 0: uvm_test_top [TEST] inoformation severity--1 (info_none)
# UVM_INFO severity.sv(30) @ 0: uvm_test_top [TEST] information severity--2 (info_medium)
# UVM_INFO severity.sv(31) @ 0: uvm_test_top [TEST] information severity--3 (info_low)
# UVM_ERROR severity.sv(32) @ 0: uvm_test_top [TEST] Error 1
# UVM_ERROR severity.sv(33) @ 0: uvm_test_top [TEST] Error 2
# UVM_FATAL severity.sv(34) @ 0: uvm_test_top [TEST] A fatal error has occurred
# 
# --- UVM Report Summary ---
# 
# ** Report counts by severity
# UVM_INFO :    5
# UVM_WARNING :    1
# UVM_ERROR :    2
# UVM_FATAL :    1
# ** Report counts by id
# [Questa UVM]     2
# [TEST]     7
# ** Note: $finish    : /tools/mentor/questasim_10.6c/questasim/linux/../verilog_src/uvm-1.1d/src/base/uvm_report_object.svh(292)
#    Time: 0 ns  Iteration: 0  Instance: /top
# End time: 22:15:40 on Oct 26,2022, Elapsed time: 0:00:04
# Errors: 0, Warnings: 0
