# vsim tb -l TLM_decl_macros_log.log -c -do "run -all;exit;" 
# Start time: 00:23:04 on Nov 08,2022
# ** Note: (vsim-8009) Loading existing optimized design _opt
# //  Questa Sim
# //  Version 10.6c linux Jul 25 2017
# //
# //  Copyright 1991-2017 Mentor Graphics Corporation
# //  All Rights Reserved.
# //
# //  QuestaSim and its associated documentation contain trade
# //  secrets and commercial or financial information that are the property of
# //  Mentor Graphics Corporation and are privileged, confidential,
# //  and exempt from disclosure under the Freedom of Information Act,
# //  5 U.S.C. Section 552. Furthermore, this information
# //  is prohibited from disclosure under the Trade Secrets Act,
# //  18 U.S.C. Section 1905.
# //
# Loading sv_std.std
# Loading mtiUvm.uvm_pkg
# Loading work.TLM_decl_macros_sv_unit(fast)
# Loading work.tb(fast)
# Loading mtiUvm.questa_uvm_pkg(fast)
# Loading /tools/mentor/questasim_10.6c/questasim/uvm-1.1d/linux/uvm_dpi.so
# run -all
# ----------------------------------------------------------------
# UVM-1.1d
# (C) 2007-2013 Mentor Graphics Corporation
# (C) 2007-2013 Cadence Design Systems, Inc.
# (C) 2006-2013 Synopsys, Inc.
# (C) 2011-2013 Cypress Semiconductor Corp.
# ----------------------------------------------------------------
# 
#   ***********       IMPORTANT RELEASE NOTES         ************
# 
#   You are using a version of the UVM library that has been compiled
#   with `UVM_NO_DEPRECATED undefined.
#   See http://www.eda.org/svdb/view.php?id=3313 for more details.
# 
#   You are using a version of the UVM library that has been compiled
#   with `UVM_OBJECT_MUST_HAVE_CONSTRUCTOR undefined.
#   See http://www.eda.org/svdb/view.php?id=3770 for more details.
# 
#       (Specify +UVM_NO_RELNOTES to turn off this notice)
# 
# UVM_INFO verilog_src/questa_uvm_pkg-1.2/src/questa_uvm_pkg.sv(215) @ 0: reporter [Questa UVM] QUESTA_UVM-1.2.3
# UVM_INFO verilog_src/questa_uvm_pkg-1.2/src/questa_uvm_pkg.sv(217) @ 0: reporter [Questa UVM]  questa_uvm::init(+struct)
# UVM_INFO @ 0: reporter [RNTST] Running test test...
# UVM_INFO TLM_decl_macros.sv(51) @ 0: uvm_test_top.e.pA [prodA] packet sent to consumer
# ---------------------------
# Name  Type      Size  Value
# ---------------------------
# pkt   packet    -     @537 
#   a   integral  4     'h9  
#   b   integral  4     'h0  
#   c   integral  1     'h0  
# ---------------------------
# UVM_INFO TLM_decl_macros.sv(112) @ 0: uvm_test_top.e.c [CONS] packet received from put_1
# ---------------------------
# Name  Type      Size  Value
# ---------------------------
# pkt   packet    -     @537 
#   a   integral  4     'h9  
#   b   integral  4     'h0  
#   c   integral  1     'h0  
# ---------------------------
# UVM_INFO TLM_decl_macros.sv(51) @ 0: uvm_test_top.e.pA [prodA] packet sent to consumer
# ---------------------------
# Name  Type      Size  Value
# ---------------------------
# pkt   packet    -     @541 
#   a   integral  4     'h7  
#   b   integral  4     'hc  
#   c   integral  1     'h0  
# ---------------------------
# UVM_INFO TLM_decl_macros.sv(112) @ 0: uvm_test_top.e.c [CONS] packet received from put_1
# ---------------------------
# Name  Type      Size  Value
# ---------------------------
# pkt   packet    -     @541 
#   a   integral  4     'h7  
#   b   integral  4     'hc  
#   c   integral  1     'h0  
# ---------------------------
# UVM_INFO TLM_decl_macros.sv(82) @ 1: uvm_test_top.e.pB [prodB] packet sent to consumer
# ---------------------------
# Name  Type      Size  Value
# ---------------------------
# pkt   packet    -     @533 
#   a   integral  4     'he  
#   b   integral  4     'hd  
#   c   integral  1     'h0  
# ---------------------------
# UVM_INFO TLM_decl_macros.sv(117) @ 1: uvm_test_top.e.c [CONS] packet received from put_2
# ---------------------------
# Name  Type      Size  Value
# ---------------------------
# pkt   packet    -     @533 
#   a   integral  4     'he  
#   b   integral  4     'hd  
#   c   integral  1     'h0  
# ---------------------------
# UVM_INFO TLM_decl_macros.sv(82) @ 2: uvm_test_top.e.pB [prodB] packet sent to consumer
# ---------------------------
# Name  Type      Size  Value
# ---------------------------
# pkt   packet    -     @545 
#   a   integral  4     'h6  
#   b   integral  4     'h0  
#   c   integral  1     'h0  
# ---------------------------
# UVM_INFO TLM_decl_macros.sv(117) @ 2: uvm_test_top.e.c [CONS] packet received from put_2
# ---------------------------
# Name  Type      Size  Value
# ---------------------------
# pkt   packet    -     @545 
#   a   integral  4     'h6  
#   b   integral  4     'h0  
#   c   integral  1     'h0  
# ---------------------------
# UVM_INFO verilog_src/uvm-1.1d/src/base/uvm_objection.svh(1268) @ 2: reporter [TEST_DONE] 'run' phase is ready to proceed to the 'extract' phase
# 
# --- UVM Report Summary ---
# 
# ** Report counts by severity
# UVM_INFO :   12
# UVM_WARNING :    0
# UVM_ERROR :    0
# UVM_FATAL :    0
# ** Report counts by id
# [CONS]     4
# [Questa UVM]     2
# [RNTST]     1
# [TEST_DONE]     1
# [prodA]     2
# [prodB]     2
# ** Note: $finish    : /tools/mentor/questasim_10.6c/questasim/linux/../verilog_src/uvm-1.1d/src/base/uvm_root.svh(430)
#    Time: 2 ns  Iteration: 56  Instance: /tb
# End time: 00:23:05 on Nov 08,2022, Elapsed time: 0:00:01
# Errors: 0, Warnings: 0
