# vsim tb -l sequence_library.log -c -do "run -all;exit;" 
# Start time: 23:25:47 on Oct 30,2022
# ** Note: (vsim-3813) Design is being optimized due to module recompilation...
# //  Questa Sim
# //  Version 10.6c linux Jul 25 2017
# //
# //  Copyright 1991-2017 Mentor Graphics Corporation
# //  All Rights Reserved.
# //
# //  QuestaSim and its associated documentation contain trade
# //  secrets and commercial or financial information that are the property of
# //  Mentor Graphics Corporation and are privileged, confidential,
# //  and exempt from disclosure under the Freedom of Information Act,
# //  5 U.S.C. Section 552. Furthermore, this information
# //  is prohibited from disclosure under the Trade Secrets Act,
# //  18 U.S.C. Section 1905.
# //
# Loading sv_std.std
# Loading mtiUvm.uvm_pkg
# Loading work.sequence_library_sv_unit(fast)
# Loading work.tb(fast)
# Loading mtiUvm.questa_uvm_pkg(fast)
# Loading /tools/mentor/questasim_10.6c/questasim/uvm-1.1d/linux/uvm_dpi.so
# run -all
# ----------------------------------------------------------------
# UVM-1.1d
# (C) 2007-2013 Mentor Graphics Corporation
# (C) 2007-2013 Cadence Design Systems, Inc.
# (C) 2006-2013 Synopsys, Inc.
# (C) 2011-2013 Cypress Semiconductor Corp.
# ----------------------------------------------------------------
# 
#   ***********       IMPORTANT RELEASE NOTES         ************
# 
#   You are using a version of the UVM library that has been compiled
#   with `UVM_NO_DEPRECATED undefined.
#   See http://www.eda.org/svdb/view.php?id=3313 for more details.
# 
#   You are using a version of the UVM library that has been compiled
#   with `UVM_OBJECT_MUST_HAVE_CONSTRUCTOR undefined.
#   See http://www.eda.org/svdb/view.php?id=3770 for more details.
# 
#       (Specify +UVM_NO_RELNOTES to turn off this notice)
# 
# UVM_INFO verilog_src/questa_uvm_pkg-1.2/src/questa_uvm_pkg.sv(215) @ 0: reporter [Questa UVM] QUESTA_UVM-1.2.3
# UVM_INFO verilog_src/questa_uvm_pkg-1.2/src/questa_uvm_pkg.sv(217) @ 0: reporter [Questa UVM]  questa_uvm::init(+struct)
# UVM_INFO @ 0: reporter [RNTST] Running test test...
# UVM_INFO sequence_library.sv(34) @ 0: uvm_test_top.env.a.seqr@@s1 [SEQ1] SEQ1_Started
# req: (transaction@646) {
#   a: 'ha 
#   b: 'h2 
#   c: 'h2 
#   d: 'hd 
#   y: 'h0 
#   begin_time: 0 
#   depth: 'd2 
#   parent sequence (name): s1 
#   parent sequence (full name): uvm_test_top.env.a.seqr.s1 
#   sequencer: uvm_test_top.env.a.seqr 
# }
# UVM_INFO sequence_library.sv(39) @ 0: uvm_test_top.env.a.seqr@@s1 [SEQ1] SEQ1_Ended
# UVM_INFO sequence_library.sv(54) @ 0: uvm_test_top.env.a.seqr@@s2 [SEQ2] SEQ2_Started
# req: (transaction@653) {
#   a: 'h9 
#   b: 'h3 
#   c: 'hd 
#   d: 'h7 
#   y: 'h0 
#   begin_time: 0 
#   depth: 'd2 
#   parent sequence (name): s2 
#   parent sequence (full name): uvm_test_top.env.a.seqr.s2 
#   sequencer: uvm_test_top.env.a.seqr 
# }
# UVM_INFO sequence_library.sv(59) @ 0: uvm_test_top.env.a.seqr@@s2 [SEQ2] SEQ2_Ended
# UVM_INFO verilog_src/uvm-1.1d/src/base/uvm_objection.svh(1268) @ 0: reporter [TEST_DONE] 'run' phase is ready to proceed to the 'extract' phase
# UVM_INFO sequence_library.sv(171) @ 0: uvm_test_top [config] add seq to lib
# 
# --- UVM Report Summary ---
# 
# ** Report counts by severity
# UVM_INFO :    9
# UVM_WARNING :    0
# UVM_ERROR :    0
# UVM_FATAL :    0
# ** Report counts by id
# [Questa UVM]     2
# [RNTST]     1
# [SEQ1]     2
# [SEQ2]     2
# [TEST_DONE]     1
# [config]     1
# ** Note: $finish    : /tools/mentor/questasim_10.6c/questasim/linux/../verilog_src/uvm-1.1d/src/base/uvm_root.svh(430)
#    Time: 0 ns  Iteration: 237  Instance: /tb
# End time: 23:25:51 on Oct 30,2022, Elapsed time: 0:00:04
# Errors: 0, Warnings: 0
