# vsim tb -l analysis_port_log.log -c -do "run -all;exit;" 
# Start time: 02:13:57 on Nov 07,2022
# ** Note: (vsim-8009) Loading existing optimized design _opt
# //  Questa Sim
# //  Version 10.6c linux Jul 25 2017
# //
# //  Copyright 1991-2017 Mentor Graphics Corporation
# //  All Rights Reserved.
# //
# //  QuestaSim and its associated documentation contain trade
# //  secrets and commercial or financial information that are the property of
# //  Mentor Graphics Corporation and are privileged, confidential,
# //  and exempt from disclosure under the Freedom of Information Act,
# //  5 U.S.C. Section 552. Furthermore, this information
# //  is prohibited from disclosure under the Trade Secrets Act,
# //  18 U.S.C. Section 1905.
# //
# Loading sv_std.std
# Loading mtiUvm.uvm_pkg
# Loading work.analysis_port_sv_unit(fast)
# Loading work.tb(fast)
# Loading mtiUvm.questa_uvm_pkg(fast)
# Loading /tools/mentor/questasim_10.6c/questasim/uvm-1.1d/linux/uvm_dpi.so
# run -all
# ----------------------------------------------------------------
# UVM-1.1d
# (C) 2007-2013 Mentor Graphics Corporation
# (C) 2007-2013 Cadence Design Systems, Inc.
# (C) 2006-2013 Synopsys, Inc.
# (C) 2011-2013 Cypress Semiconductor Corp.
# ----------------------------------------------------------------
# 
#   ***********       IMPORTANT RELEASE NOTES         ************
# 
#   You are using a version of the UVM library that has been compiled
#   with `UVM_NO_DEPRECATED undefined.
#   See http://www.eda.org/svdb/view.php?id=3313 for more details.
# 
#   You are using a version of the UVM library that has been compiled
#   with `UVM_OBJECT_MUST_HAVE_CONSTRUCTOR undefined.
#   See http://www.eda.org/svdb/view.php?id=3770 for more details.
# 
#       (Specify +UVM_NO_RELNOTES to turn off this notice)
# 
# UVM_INFO verilog_src/questa_uvm_pkg-1.2/src/questa_uvm_pkg.sv(215) @ 0: reporter [Questa UVM] QUESTA_UVM-1.2.3
# UVM_INFO verilog_src/questa_uvm_pkg-1.2/src/questa_uvm_pkg.sv(217) @ 0: reporter [Questa UVM]  questa_uvm::init(+struct)
# UVM_INFO @ 0: reporter [RNTST] Running test test...
# UVM_INFO analysis_port.sv(141) @ 0: uvm_test_top [test] end_of_elaboration_phase
# UVM_INFO @ 0: reporter [UVMTOP] UVM testbench topology:
# --------------------------------------------
# Name          Type               Size  Value
# --------------------------------------------
# uvm_test_top  test               -     @466 
#   env         my_env             -     @473 
#     comB      componentB         -     @480 
#       WRITE   uvm_analysis_port  -     @487 
#     s1        sub1               -     @495 
#       READ    uvm_analysis_imp   -     @502 
#     s2        sub2               -     @510 
#       READ    uvm_analysis_imp   -     @517 
#     s3        sub3               -     @525 
#       READ    uvm_analysis_imp   -     @532 
# --------------------------------------------
# 
# UVM_INFO analysis_port.sv(39) @ 0: uvm_test_top.env.comB [componentB] sending Data to subscribers.......
# -------------------------------
# Name   Type         Size  Value
# -------------------------------
# trans  transaction  -     @540 
#   a    integral     3     'd0  
#   b    integral     3     7    
# -------------------------------
# UVM_INFO analysis_port.sv(61) @ 0: uvm_test_top.env.s1 [sub1] Data Received to sub1!!
# -------------------------------
# Name   Type         Size  Value
# -------------------------------
# trans  transaction  -     @540 
#   a    integral     3     'd0  
#   b    integral     3     7    
# -------------------------------
# UVM_INFO analysis_port.sv(77) @ 0: uvm_test_top.env.s2 [sub2] Data Received to sub2!!
# -------------------------------
# Name   Type         Size  Value
# -------------------------------
# trans  transaction  -     @540 
#   a    integral     3     'd0  
#   b    integral     3     7    
# -------------------------------
# UVM_INFO analysis_port.sv(94) @ 0: uvm_test_top.env.s3 [sub3] Data Received to sub3!!
# -------------------------------
# Name   Type         Size  Value
# -------------------------------
# trans  transaction  -     @540 
#   a    integral     3     'd0  
#   b    integral     3     7    
# -------------------------------
# UVM_INFO analysis_port.sv(39) @ 0: uvm_test_top.env.comB [componentB] sending Data to subscribers.......
# -------------------------------
# Name   Type         Size  Value
# -------------------------------
# trans  transaction  -     @540 
#   a    integral     3     6    
#   b    integral     3     'd2  
# -------------------------------
# UVM_INFO analysis_port.sv(61) @ 0: uvm_test_top.env.s1 [sub1] Data Received to sub1!!
# -------------------------------
# Name   Type         Size  Value
# -------------------------------
# trans  transaction  -     @540 
#   a    integral     3     6    
#   b    integral     3     'd2  
# -------------------------------
# UVM_INFO analysis_port.sv(77) @ 0: uvm_test_top.env.s2 [sub2] Data Received to sub2!!
# -------------------------------
# Name   Type         Size  Value
# -------------------------------
# trans  transaction  -     @540 
#   a    integral     3     6    
#   b    integral     3     'd2  
# -------------------------------
# UVM_INFO analysis_port.sv(94) @ 0: uvm_test_top.env.s3 [sub3] Data Received to sub3!!
# -------------------------------
# Name   Type         Size  Value
# -------------------------------
# trans  transaction  -     @540 
#   a    integral     3     6    
#   b    integral     3     'd2  
# -------------------------------
# UVM_INFO analysis_port.sv(39) @ 0: uvm_test_top.env.comB [componentB] sending Data to subscribers.......
# -------------------------------
# Name   Type         Size  Value
# -------------------------------
# trans  transaction  -     @540 
#   a    integral     3     'd3  
#   b    integral     3     6    
# -------------------------------
# UVM_INFO analysis_port.sv(61) @ 0: uvm_test_top.env.s1 [sub1] Data Received to sub1!!
# -------------------------------
# Name   Type         Size  Value
# -------------------------------
# trans  transaction  -     @540 
#   a    integral     3     'd3  
#   b    integral     3     6    
# -------------------------------
# UVM_INFO analysis_port.sv(77) @ 0: uvm_test_top.env.s2 [sub2] Data Received to sub2!!
# -------------------------------
# Name   Type         Size  Value
# -------------------------------
# trans  transaction  -     @540 
#   a    integral     3     'd3  
#   b    integral     3     6    
# -------------------------------
# UVM_INFO analysis_port.sv(94) @ 0: uvm_test_top.env.s3 [sub3] Data Received to sub3!!
# -------------------------------
# Name   Type         Size  Value
# -------------------------------
# trans  transaction  -     @540 
#   a    integral     3     'd3  
#   b    integral     3     6    
# -------------------------------
# 
# --- UVM Report Summary ---
# 
# ** Report counts by severity
# UVM_INFO :   17
# UVM_WARNING :    0
# UVM_ERROR :    0
# UVM_FATAL :    0
# ** Report counts by id
# [Questa UVM]     2
# [RNTST]     1
# [UVMTOP]     1
# [componentB]     3
# [sub1]     3
# [sub2]     3
# [sub3]     3
# [test]     1
# ** Note: $finish    : /tools/mentor/questasim_10.6c/questasim/linux/../verilog_src/uvm-1.1d/src/base/uvm_root.svh(430)
#    Time: 0 ns  Iteration: 215  Instance: /tb
# End time: 02:13:59 on Nov 07,2022, Elapsed time: 0:00:02
# Errors: 0, Warnings: 0
