# vsim black_squad -l run_phases.log -c -do "run -all;quit;" 
# Start time: 00:21:02 on Nov 02,2022
# ** Note: (vsim-3812) Design is being optimized...
# //  Questa Sim
# //  Version 10.6c linux Jul 25 2017
# //
# //  Copyright 1991-2017 Mentor Graphics Corporation
# //  All Rights Reserved.
# //
# //  QuestaSim and its associated documentation contain trade
# //  secrets and commercial or financial information that are the property of
# //  Mentor Graphics Corporation and are privileged, confidential,
# //  and exempt from disclosure under the Freedom of Information Act,
# //  5 U.S.C. Section 552. Furthermore, this information
# //  is prohibited from disclosure under the Trade Secrets Act,
# //  18 U.S.C. Section 1905.
# //
# Loading sv_std.std
# Loading mtiUvm.uvm_pkg
# Loading work.run_phases_sv_unit(fast)
# Loading work.black_squad(fast)
# Loading mtiUvm.questa_uvm_pkg(fast)
# Loading /tools/mentor/questasim_10.6c/questasim/uvm-1.1d/linux/uvm_dpi.so
# run -all
# ----------------------------------------------------------------
# UVM-1.1d
# (C) 2007-2013 Mentor Graphics Corporation
# (C) 2007-2013 Cadence Design Systems, Inc.
# (C) 2006-2013 Synopsys, Inc.
# (C) 2011-2013 Cypress Semiconductor Corp.
# ----------------------------------------------------------------
# 
#   ***********       IMPORTANT RELEASE NOTES         ************
# 
#   You are using a version of the UVM library that has been compiled
#   with `UVM_NO_DEPRECATED undefined.
#   See http://www.eda.org/svdb/view.php?id=3313 for more details.
# 
#   You are using a version of the UVM library that has been compiled
#   with `UVM_OBJECT_MUST_HAVE_CONSTRUCTOR undefined.
#   See http://www.eda.org/svdb/view.php?id=3770 for more details.
# 
#       (Specify +UVM_NO_RELNOTES to turn off this notice)
# 
# UVM_INFO verilog_src/questa_uvm_pkg-1.2/src/questa_uvm_pkg.sv(215) @ 0: reporter [Questa UVM] QUESTA_UVM-1.2.3
# UVM_INFO verilog_src/questa_uvm_pkg-1.2/src/questa_uvm_pkg.sv(217) @ 0: reporter [Questa UVM]  questa_uvm::init(+struct)
# UVM_INFO @ 0: reporter [RNTST] Running test test...
# ---------------------------
# Name  Type      Size  Value
# ---------------------------
# jhon  bjt       -     @474 
#   a   integral  32    'h0  
#   b   integral  32    'h0  
# ---------------------------
# UVM_INFO run_phases.sv(49) @ 0: uvm_test_top [uvm_test_top]  Inside pre_reset__phase uvm_test_top
# UVM_INFO run_phases.sv(58) @ 0: uvm_test_top [uvm_test_top]  Inside reset__phase uvm_test_top
# UVM_INFO run_phases.sv(65) @ 0: uvm_test_top [uvm_test_top]  Inside post_reset__phase uvm_test_top
# UVM_INFO run_phases.sv(72) @ 0: uvm_test_top [uvm_test_top]  Inside pre_configure__phase uvm_test_top
# UVM_INFO run_phases.sv(81) @ 0: uvm_test_top [uvm_test_top]  Inside configure__phase uvm_test_top
# UVM_INFO run_phases.sv(88) @ 0: uvm_test_top [uvm_test_top]  Inside Post_configure__phase uvm_test_top
# UVM_INFO run_phases.sv(94) @ 0: uvm_test_top [uvm_test_top]  Inside Pre_main__phase uvm_test_top
# UVM_INFO run_phases.sv(101) @ 0: uvm_test_top [uvm_test_top]  Inside main__phase uvm_test_top
# UVM_INFO run_phases.sv(108) @ 0: uvm_test_top [uvm_test_top]  Inside Post_main__phase uvm_test_top
# 
# --- UVM Report Summary ---
# 
# ** Report counts by severity
# UVM_INFO :   12
# UVM_WARNING :    0
# UVM_ERROR :    0
# UVM_FATAL :    0
# ** Report counts by id
# [Questa UVM]     2
# [RNTST]     1
# [uvm_test_top]     9
# ** Note: $finish    : /tools/mentor/questasim_10.6c/questasim/linux/../verilog_src/uvm-1.1d/src/base/uvm_root.svh(430)
#    Time: 0 ns  Iteration: 215  Instance: /black_squad
# End time: 00:21:06 on Nov 02,2022, Elapsed time: 0:00:04
# Errors: 0, Warnings: 0
