# vsim top -l top.log -c -do "log -r/*; run -all;quit;" -wlf waveform.wlf 
# Start time: 02:16:10 on Nov 08,2022
# ** Note: (vsim-3812) Design is being optimized...
# ** Warning: uvm_misc.sv(101): (vopt-2240) Treating stand-alone use of function 'uvm_hdl_read' as an implicit VOID cast.
# ** Warning: uvm_misc.sv(127): (vopt-2240) Treating stand-alone use of function 'uvm_hdl_read' as an implicit VOID cast.
# //  Questa Sim
# //  Version 10.6c linux Jul 25 2017
# //
# //  Copyright 1991-2017 Mentor Graphics Corporation
# //  All Rights Reserved.
# //
# //  QuestaSim and its associated documentation contain trade
# //  secrets and commercial or financial information that are the property of
# //  Mentor Graphics Corporation and are privileged, confidential,
# //  and exempt from disclosure under the Freedom of Information Act,
# //  5 U.S.C. Section 552. Furthermore, this information
# //  is prohibited from disclosure under the Trade Secrets Act,
# //  18 U.S.C. Section 1905.
# //
# Loading sv_std.std
# Loading mtiUvm.uvm_pkg
# Loading work.uvm_misc_sv_unit(fast)
# Loading work.top(fast)
# Loading work.bit4adder(fast)
# Loading mtiUvm.questa_uvm_pkg(fast)
# Loading /tools/mentor/questasim_10.6c/questasim/uvm-1.1d/linux/uvm_dpi.so
# log -r/*
# bad option "-r/*": must be -class, -depth, -drivers, -flush, -howmany, -in, -inout, -internals, -mvcall, -mvcovm, -mvcreccomplete, -noflush, -optcells, -out, -ports, -recursive, -type, -wdbwave, -obj, -filter, or -nofilter
# Usage: log -flush <object> | {[-class <classtype>] [-filter <f> | -nofilter <f>] [-howmany] {[-in] [-inout] [-out] | [-ports]} [-internal] [-mvcall] [-mvcovm] [-mvcreccomplete] [-optcells] [-recursive [-depth <level>]] <object_name> ...}
#  run -all
# ----------------------------------------------------------------
# UVM-1.1d
# (C) 2007-2013 Mentor Graphics Corporation
# (C) 2007-2013 Cadence Design Systems, Inc.
# (C) 2006-2013 Synopsys, Inc.
# (C) 2011-2013 Cypress Semiconductor Corp.
# ----------------------------------------------------------------
# 
#   ***********       IMPORTANT RELEASE NOTES         ************
# 
#   You are using a version of the UVM library that has been compiled
#   with `UVM_NO_DEPRECATED undefined.
#   See http://www.eda.org/svdb/view.php?id=3313 for more details.
# 
#   You are using a version of the UVM library that has been compiled
#   with `UVM_OBJECT_MUST_HAVE_CONSTRUCTOR undefined.
#   See http://www.eda.org/svdb/view.php?id=3770 for more details.
# 
#       (Specify +UVM_NO_RELNOTES to turn off this notice)
# 
# UVM_INFO verilog_src/questa_uvm_pkg-1.2/src/questa_uvm_pkg.sv(215) @ 0: reporter [Questa UVM] QUESTA_UVM-1.2.3
# UVM_INFO verilog_src/questa_uvm_pkg-1.2/src/questa_uvm_pkg.sv(217) @ 0: reporter [Questa UVM]  questa_uvm::init(+struct)
# UVM_INFO @ 0: reporter [RNTST] Running test test...
# UVM_INFO uvm_misc.sv(81) @ 0: uvm_test_top [checking]  1.check the path exist top.Ripple.intf.A = 6
# 
# UVM_INFO uvm_misc.sv(90) @ 15: uvm_test_top [checking]  Before Depositing a specified value top.Ripple.B = 5
# UVM_INFO uvm_misc.sv(93) @ 15: uvm_test_top [checking]  After Deposit of specified value top.Ripple.B = 2
# 
# UVM_INFO uvm_misc.sv(102) @ 30: uvm_test_top [checking]  Reading the value in the specified path top.Ripple.B = 2
# 
# UVM_INFO uvm_misc.sv(108) @ 45: uvm_test_top [checking]  Forced value of the specified path top.Ripple.B= 7
# 
# UVM_INFO uvm_misc.sv(118) @ 60: uvm_test_top [checking] After release the previous forced value it is able to take other values top.Ripple.B = 5
# 
# UVM_INFO uvm_misc.sv(128) @ 65: uvm_test_top [checking]  Reading the value in the specified path top.Ripple.A = 2
# 
# UVM_INFO uvm_misc.sv(179) @ 66: reporter [checking] Ending Simualtion now........
# ** Note: $finish    : uvm_misc.sv(131)
#    Time: 140 ns  Iteration: 0  Region: /uvm_pkg::uvm_task_phase::execute
# End time: 02:16:14 on Nov 08,2022, Elapsed time: 0:00:04
# Errors: 0, Warnings: 2
