# vsim mod -l non_blocking_get_can.log -c -do "run -all;exit;" 
# Start time: 00:30:01 on Nov 07,2022
# ** Note: (vsim-8009) Loading existing optimized design _opt
# //  Questa Sim
# //  Version 10.6c linux Jul 25 2017
# //
# //  Copyright 1991-2017 Mentor Graphics Corporation
# //  All Rights Reserved.
# //
# //  QuestaSim and its associated documentation contain trade
# //  secrets and commercial or financial information that are the property of
# //  Mentor Graphics Corporation and are privileged, confidential,
# //  and exempt from disclosure under the Freedom of Information Act,
# //  5 U.S.C. Section 552. Furthermore, this information
# //  is prohibited from disclosure under the Trade Secrets Act,
# //  18 U.S.C. Section 1905.
# //
# Loading sv_std.std
# Loading mtiUvm.uvm_pkg
# Loading work.non_blocking_get_can_sv_unit(fast)
# Loading work.mod(fast)
# Loading mtiUvm.questa_uvm_pkg(fast)
# Loading /tools/mentor/questasim_10.6c/questasim/uvm-1.1d/linux/uvm_dpi.so
# run -all
# ----------------------------------------------------------------
# UVM-1.1d
# (C) 2007-2013 Mentor Graphics Corporation
# (C) 2007-2013 Cadence Design Systems, Inc.
# (C) 2006-2013 Synopsys, Inc.
# (C) 2011-2013 Cypress Semiconductor Corp.
# ----------------------------------------------------------------
# 
#   ***********       IMPORTANT RELEASE NOTES         ************
# 
#   You are using a version of the UVM library that has been compiled
#   with `UVM_NO_DEPRECATED undefined.
#   See http://www.eda.org/svdb/view.php?id=3313 for more details.
# 
#   You are using a version of the UVM library that has been compiled
#   with `UVM_OBJECT_MUST_HAVE_CONSTRUCTOR undefined.
#   See http://www.eda.org/svdb/view.php?id=3770 for more details.
# 
#       (Specify +UVM_NO_RELNOTES to turn off this notice)
# 
# UVM_INFO verilog_src/questa_uvm_pkg-1.2/src/questa_uvm_pkg.sv(215) @ 0: reporter [Questa UVM] QUESTA_UVM-1.2.3
# UVM_INFO verilog_src/questa_uvm_pkg-1.2/src/questa_uvm_pkg.sv(217) @ 0: reporter [Questa UVM]  questa_uvm::init(+struct)
# UVM_INFO @ 0: reporter [RNTST] Running test my_test...
# UVM_INFO non_blocking_get_can.sv(74) @ 10: uvm_test_top.rcvr [Reciever] Check can_get() is ready
# UVM_INFO non_blocking_get_can.sv(74) @ 20: uvm_test_top.rcvr [Reciever] Check can_get() is ready
# UVM_INFO non_blocking_get_can.sv(74) @ 30: uvm_test_top.rcvr [Reciever] Check can_get() is ready
# UVM_INFO non_blocking_get_can.sv(74) @ 40: uvm_test_top.rcvr [Reciever] Check can_get() is ready
# UVM_INFO non_blocking_get_can.sv(74) @ 50: uvm_test_top.rcvr [Reciever] Check can_get() is ready
# UVM_INFO non_blocking_get_can.sv(74) @ 60: uvm_test_top.rcvr [Reciever] Check can_get() is ready
# UVM_INFO non_blocking_get_can.sv(74) @ 70: uvm_test_top.rcvr [Reciever] Check can_get() is ready
# UVM_INFO non_blocking_get_can.sv(76) @ 70: uvm_test_top.rcvr [Reciever] Sender is ready ,get transaction now
# UVM_INFO non_blocking_get_can.sv(42) @ 70: uvm_test_top.sndr [Sender] Reciever has requested for transaction
# --------------------------------------
# Name         Type         Size  Value 
# --------------------------------------
# transaction  transaction  -     @503  
#   a          integral     4     'h3   
#   b          integral     5     'b1011
# --------------------------------------
# UVM_INFO non_blocking_get_can.sv(80) @ 70: uvm_test_top.rcvr [Reciever] Just now recieved transaction from reciever
# ----------------------------
# Name  Type       Size  Value
# ----------------------------
# run   <unknown>  -     @93  
# ----------------------------
# UVM_INFO non_blocking_get_can.sv(87) @ 70: uvm_test_top.rcvr [Reciever] DONE
# UVM_INFO non_blocking_get_can.sv(74) @ 80: uvm_test_top.rcvr [Reciever] Check can_get() is ready
# UVM_INFO non_blocking_get_can.sv(74) @ 90: uvm_test_top.rcvr [Reciever] Check can_get() is ready
# UVM_INFO non_blocking_get_can.sv(74) @ 100: uvm_test_top.rcvr [Reciever] Check can_get() is ready
# UVM_INFO non_blocking_get_can.sv(74) @ 110: uvm_test_top.rcvr [Reciever] Check can_get() is ready
# UVM_INFO non_blocking_get_can.sv(74) @ 120: uvm_test_top.rcvr [Reciever] Check can_get() is ready
# UVM_INFO non_blocking_get_can.sv(76) @ 120: uvm_test_top.rcvr [Reciever] Sender is ready ,get transaction now
# UVM_INFO non_blocking_get_can.sv(42) @ 120: uvm_test_top.sndr [Sender] Reciever has requested for transaction
# ---------------------------------------
# Name         Type         Size  Value  
# ---------------------------------------
# transaction  transaction  -     @504   
#   a          integral     4     'hf    
#   b          integral     5     'b11000
# ---------------------------------------
# UVM_INFO non_blocking_get_can.sv(80) @ 120: uvm_test_top.rcvr [Reciever] Just now recieved transaction from reciever
# ----------------------------
# Name  Type       Size  Value
# ----------------------------
# run   <unknown>  -     @93  
# ----------------------------
# UVM_INFO non_blocking_get_can.sv(87) @ 120: uvm_test_top.rcvr [Reciever] DONE
# UVM_INFO verilog_src/uvm-1.1d/src/base/uvm_objection.svh(1268) @ 120: reporter [TEST_DONE] 'run' phase is ready to proceed to the 'extract' phase
# 
# --- UVM Report Summary ---
# 
# ** Report counts by severity
# UVM_INFO :   24
# UVM_WARNING :    0
# UVM_ERROR :    0
# UVM_FATAL :    0
# ** Report counts by id
# [Questa UVM]     2
# [RNTST]     1
# [Reciever]    18
# [Sender]     2
# [TEST_DONE]     1
# ** Note: $finish    : /tools/mentor/questasim_10.6c/questasim/linux/../verilog_src/uvm-1.1d/src/base/uvm_root.svh(430)
#    Time: 120 ns  Iteration: 55  Instance: /mod
# End time: 00:30:03 on Nov 07,2022, Elapsed time: 0:00:02
# Errors: 0, Warnings: 0
